Determining if the pthread_create exist failed with the following output:
Change Dir: /home/user/ecoin/build/release/CMakeFiles/CMakeTmp

Run Build Command:"/usr/bin/make" "cmTC_6e6f1/fast"
make[1]: Verzeichnis „/home/user/ecoin/build/release/CMakeFiles/CMakeTmp“ wird betreten
/usr/bin/make -f CMakeFiles/cmTC_6e6f1.dir/build.make CMakeFiles/cmTC_6e6f1.dir/build
make[2]: Verzeichnis „/home/user/ecoin/build/release/CMakeFiles/CMakeTmp“ wird betreten
Building C object CMakeFiles/cmTC_6e6f1.dir/CheckSymbolExists.c.o
/usr/bin/cc    -std=c11  -Wall -Wextra -Wpointer-arith -Wundef -Wvla -Wwrite-strings -Werror -Wno-error=extra -Wno-error=unused-function -Wno-error=deprecated-declarations -Wno-error=sign-compare -Wno-error=strict-aliasing -Wno-error=type-limits -Wno-unused-parameter -Wno-error=unused-variable -Wno-error=undef -Wno-error=uninitialized -Wno-error=unused-result -Wlogical-op -Wno-error=maybe-uninitialized -Wno-error=clobbered -Wno-error=unused-but-set-variable -Wno-error=odr -Waggregate-return -Wnested-externs -Wold-style-definition -Wstrict-prototypes -march=native -maes    -o CMakeFiles/cmTC_6e6f1.dir/CheckSymbolExists.c.o   -c /home/user/ecoin/build/release/CMakeFiles/CMakeTmp/CheckSymbolExists.c
Linking C executable cmTC_6e6f1
/usr/bin/cmake -E cmake_link_script CMakeFiles/cmTC_6e6f1.dir/link.txt --verbose=1
/usr/bin/cc   -std=c11  -Wall -Wextra -Wpointer-arith -Wundef -Wvla -Wwrite-strings -Werror -Wno-error=extra -Wno-error=unused-function -Wno-error=deprecated-declarations -Wno-error=sign-compare -Wno-error=strict-aliasing -Wno-error=type-limits -Wno-unused-parameter -Wno-error=unused-variable -Wno-error=undef -Wno-error=uninitialized -Wno-error=unused-result -Wlogical-op -Wno-error=maybe-uninitialized -Wno-error=clobbered -Wno-error=unused-but-set-variable -Wno-error=odr -Waggregate-return -Wnested-externs -Wold-style-definition -Wstrict-prototypes -march=native -maes     CMakeFiles/cmTC_6e6f1.dir/CheckSymbolExists.c.o  -o cmTC_6e6f1 -rdynamic 
CMakeFiles/cmTC_6e6f1.dir/CheckSymbolExists.c.o: In Funktion `main':
CheckSymbolExists.c:(.text+0x16): Nicht definierter Verweis auf `pthread_create'
collect2: error: ld returned 1 exit status
CMakeFiles/cmTC_6e6f1.dir/build.make:97: die Regel für Ziel „cmTC_6e6f1“ scheiterte
make[2]: *** [cmTC_6e6f1] Fehler 1
make[2]: Verzeichnis „/home/user/ecoin/build/release/CMakeFiles/CMakeTmp“ wird verlassen
Makefile:126: die Regel für Ziel „cmTC_6e6f1/fast“ scheiterte
make[1]: *** [cmTC_6e6f1/fast] Fehler 2
make[1]: Verzeichnis „/home/user/ecoin/build/release/CMakeFiles/CMakeTmp“ wird verlassen

File /home/user/ecoin/build/release/CMakeFiles/CMakeTmp/CheckSymbolExists.c:
/* */
#include <pthread.h>

int main(int argc, char** argv)
{
  (void)argv;
#ifndef pthread_create
  return ((int*)(&pthread_create))[argc];
#else
  (void)argc;
  return 0;
#endif
}

Determining if the function pthread_create exists in the pthreads failed with the following output:
Change Dir: /home/user/ecoin/build/release/CMakeFiles/CMakeTmp

Run Build Command:"/usr/bin/make" "cmTC_4e517/fast"
make[1]: Verzeichnis „/home/user/ecoin/build/release/CMakeFiles/CMakeTmp“ wird betreten
/usr/bin/make -f CMakeFiles/cmTC_4e517.dir/build.make CMakeFiles/cmTC_4e517.dir/build
make[2]: Verzeichnis „/home/user/ecoin/build/release/CMakeFiles/CMakeTmp“ wird betreten
Building C object CMakeFiles/cmTC_4e517.dir/CheckFunctionExists.c.o
/usr/bin/cc    -std=c11  -Wall -Wextra -Wpointer-arith -Wundef -Wvla -Wwrite-strings -Werror -Wno-error=extra -Wno-error=unused-function -Wno-error=deprecated-declarations -Wno-error=sign-compare -Wno-error=strict-aliasing -Wno-error=type-limits -Wno-unused-parameter -Wno-error=unused-variable -Wno-error=undef -Wno-error=uninitialized -Wno-error=unused-result -Wlogical-op -Wno-error=maybe-uninitialized -Wno-error=clobbered -Wno-error=unused-but-set-variable -Wno-error=odr -Waggregate-return -Wnested-externs -Wold-style-definition -Wstrict-prototypes -march=native -maes -DCHECK_FUNCTION_EXISTS=pthread_create   -o CMakeFiles/cmTC_4e517.dir/CheckFunctionExists.c.o   -c /usr/share/cmake-3.5/Modules/CheckFunctionExists.c
/usr/share/cmake-3.5/Modules/CheckFunctionExists.c:6:1: error: function declaration isn’t a prototype [-Werror=strict-prototypes]
 char CHECK_FUNCTION_EXISTS();
 ^
cc1: all warnings being treated as errors
CMakeFiles/cmTC_4e517.dir/build.make:65: die Regel für Ziel „CMakeFiles/cmTC_4e517.dir/CheckFunctionExists.c.o“ scheiterte
make[2]: *** [CMakeFiles/cmTC_4e517.dir/CheckFunctionExists.c.o] Fehler 1
make[2]: Verzeichnis „/home/user/ecoin/build/release/CMakeFiles/CMakeTmp“ wird verlassen
Makefile:126: die Regel für Ziel „cmTC_4e517/fast“ scheiterte
make[1]: *** [cmTC_4e517/fast] Fehler 2
make[1]: Verzeichnis „/home/user/ecoin/build/release/CMakeFiles/CMakeTmp“ wird verlassen


Determining if the function pthread_create exists in the pthread failed with the following output:
Change Dir: /home/user/ecoin/build/release/CMakeFiles/CMakeTmp

Run Build Command:"/usr/bin/make" "cmTC_770be/fast"
make[1]: Verzeichnis „/home/user/ecoin/build/release/CMakeFiles/CMakeTmp“ wird betreten
/usr/bin/make -f CMakeFiles/cmTC_770be.dir/build.make CMakeFiles/cmTC_770be.dir/build
make[2]: Verzeichnis „/home/user/ecoin/build/release/CMakeFiles/CMakeTmp“ wird betreten
Building C object CMakeFiles/cmTC_770be.dir/CheckFunctionExists.c.o
/usr/bin/cc    -std=c11  -Wall -Wextra -Wpointer-arith -Wundef -Wvla -Wwrite-strings -Werror -Wno-error=extra -Wno-error=unused-function -Wno-error=deprecated-declarations -Wno-error=sign-compare -Wno-error=strict-aliasing -Wno-error=type-limits -Wno-unused-parameter -Wno-error=unused-variable -Wno-error=undef -Wno-error=uninitialized -Wno-error=unused-result -Wlogical-op -Wno-error=maybe-uninitialized -Wno-error=clobbered -Wno-error=unused-but-set-variable -Wno-error=odr -Waggregate-return -Wnested-externs -Wold-style-definition -Wstrict-prototypes -march=native -maes -DCHECK_FUNCTION_EXISTS=pthread_create   -o CMakeFiles/cmTC_770be.dir/CheckFunctionExists.c.o   -c /usr/share/cmake-3.5/Modules/CheckFunctionExists.c
/usr/share/cmake-3.5/Modules/CheckFunctionExists.c:6:1: error: function declaration isn’t a prototype [-Werror=strict-prototypes]
 char CHECK_FUNCTION_EXISTS();
 ^
cc1: all warnings being treated as errors
CMakeFiles/cmTC_770be.dir/build.make:65: die Regel für Ziel „CMakeFiles/cmTC_770be.dir/CheckFunctionExists.c.o“ scheiterte
make[2]: *** [CMakeFiles/cmTC_770be.dir/CheckFunctionExists.c.o] Fehler 1
make[2]: Verzeichnis „/home/user/ecoin/build/release/CMakeFiles/CMakeTmp“ wird verlassen
Makefile:126: die Regel für Ziel „cmTC_770be/fast“ scheiterte
make[1]: *** [cmTC_770be/fast] Fehler 2
make[1]: Verzeichnis „/home/user/ecoin/build/release/CMakeFiles/CMakeTmp“ wird verlassen


Determining if the pthread_create exist failed with the following output:
Change Dir: /home/user/ecoin/build/release/CMakeFiles/CMakeTmp

Run Build Command:"/usr/bin/make" "cmTC_86425/fast"
make[1]: Verzeichnis „/home/user/ecoin/build/release/CMakeFiles/CMakeTmp“ wird betreten
/usr/bin/make -f CMakeFiles/cmTC_86425.dir/build.make CMakeFiles/cmTC_86425.dir/build
make[2]: Verzeichnis „/home/user/ecoin/build/release/CMakeFiles/CMakeTmp“ wird betreten
Building C object CMakeFiles/cmTC_86425.dir/CheckSymbolExists.c.o
/usr/bin/cc    -std=c11  -Wall -Wextra -Wpointer-arith -Wundef -Wvla -Wwrite-strings -Werror -Wno-error=extra -Wno-error=unused-function -Wno-error=deprecated-declarations -Wno-error=sign-compare -Wno-error=strict-aliasing -Wno-error=type-limits -Wno-unused-parameter -Wno-error=unused-variable -Wno-error=undef -Wno-error=uninitialized -Wno-error=unused-result -Wlogical-op -Wno-error=maybe-uninitialized -Wno-error=clobbered -Wno-error=unused-but-set-variable -Wno-error=odr -Waggregate-return -Wnested-externs -Wold-style-definition -Wstrict-prototypes -march=native -maes    -o CMakeFiles/cmTC_86425.dir/CheckSymbolExists.c.o   -c /home/user/ecoin/build/release/CMakeFiles/CMakeTmp/CheckSymbolExists.c
Linking C executable cmTC_86425
/usr/bin/cmake -E cmake_link_script CMakeFiles/cmTC_86425.dir/link.txt --verbose=1
/usr/bin/cc   -std=c11  -Wall -Wextra -Wpointer-arith -Wundef -Wvla -Wwrite-strings -Werror -Wno-error=extra -Wno-error=unused-function -Wno-error=deprecated-declarations -Wno-error=sign-compare -Wno-error=strict-aliasing -Wno-error=type-limits -Wno-unused-parameter -Wno-error=unused-variable -Wno-error=undef -Wno-error=uninitialized -Wno-error=unused-result -Wlogical-op -Wno-error=maybe-uninitialized -Wno-error=clobbered -Wno-error=unused-but-set-variable -Wno-error=odr -Waggregate-return -Wnested-externs -Wold-style-definition -Wstrict-prototypes -march=native -maes     CMakeFiles/cmTC_86425.dir/CheckSymbolExists.c.o  -o cmTC_86425 -rdynamic 
CMakeFiles/cmTC_86425.dir/CheckSymbolExists.c.o: In Funktion `main':
CheckSymbolExists.c:(.text+0x16): Nicht definierter Verweis auf `pthread_create'
collect2: error: ld returned 1 exit status
CMakeFiles/cmTC_86425.dir/build.make:97: die Regel für Ziel „cmTC_86425“ scheiterte
make[2]: *** [cmTC_86425] Fehler 1
make[2]: Verzeichnis „/home/user/ecoin/build/release/CMakeFiles/CMakeTmp“ wird verlassen
Makefile:126: die Regel für Ziel „cmTC_86425/fast“ scheiterte
make[1]: *** [cmTC_86425/fast] Fehler 2
make[1]: Verzeichnis „/home/user/ecoin/build/release/CMakeFiles/CMakeTmp“ wird verlassen

File /home/user/ecoin/build/release/CMakeFiles/CMakeTmp/CheckSymbolExists.c:
/* */
#include <pthread.h>

int main(int argc, char** argv)
{
  (void)argv;
#ifndef pthread_create
  return ((int*)(&pthread_create))[argc];
#else
  (void)argc;
  return 0;
#endif
}

Determining if the function pthread_create exists in the pthreads failed with the following output:
Change Dir: /home/user/ecoin/build/release/CMakeFiles/CMakeTmp

Run Build Command:"/usr/bin/make" "cmTC_c322c/fast"
make[1]: Verzeichnis „/home/user/ecoin/build/release/CMakeFiles/CMakeTmp“ wird betreten
/usr/bin/make -f CMakeFiles/cmTC_c322c.dir/build.make CMakeFiles/cmTC_c322c.dir/build
make[2]: Verzeichnis „/home/user/ecoin/build/release/CMakeFiles/CMakeTmp“ wird betreten
Building C object CMakeFiles/cmTC_c322c.dir/CheckFunctionExists.c.o
/usr/bin/cc    -std=c11  -Wall -Wextra -Wpointer-arith -Wundef -Wvla -Wwrite-strings -Werror -Wno-error=extra -Wno-error=unused-function -Wno-error=deprecated-declarations -Wno-error=sign-compare -Wno-error=strict-aliasing -Wno-error=type-limits -Wno-unused-parameter -Wno-error=unused-variable -Wno-error=undef -Wno-error=uninitialized -Wno-error=unused-result -Wlogical-op -Wno-error=maybe-uninitialized -Wno-error=clobbered -Wno-error=unused-but-set-variable -Wno-error=odr -Waggregate-return -Wnested-externs -Wold-style-definition -Wstrict-prototypes -march=native -maes -DCHECK_FUNCTION_EXISTS=pthread_create   -o CMakeFiles/cmTC_c322c.dir/CheckFunctionExists.c.o   -c /usr/share/cmake-3.5/Modules/CheckFunctionExists.c
/usr/share/cmake-3.5/Modules/CheckFunctionExists.c:6:1: error: function declaration isn’t a prototype [-Werror=strict-prototypes]
 char CHECK_FUNCTION_EXISTS();
 ^
cc1: all warnings being treated as errors
CMakeFiles/cmTC_c322c.dir/build.make:65: die Regel für Ziel „CMakeFiles/cmTC_c322c.dir/CheckFunctionExists.c.o“ scheiterte
make[2]: *** [CMakeFiles/cmTC_c322c.dir/CheckFunctionExists.c.o] Fehler 1
make[2]: Verzeichnis „/home/user/ecoin/build/release/CMakeFiles/CMakeTmp“ wird verlassen
Makefile:126: die Regel für Ziel „cmTC_c322c/fast“ scheiterte
make[1]: *** [cmTC_c322c/fast] Fehler 2
make[1]: Verzeichnis „/home/user/ecoin/build/release/CMakeFiles/CMakeTmp“ wird verlassen


Determining if the function pthread_create exists in the pthread failed with the following output:
Change Dir: /home/user/ecoin/build/release/CMakeFiles/CMakeTmp

Run Build Command:"/usr/bin/make" "cmTC_bf2db/fast"
make[1]: Verzeichnis „/home/user/ecoin/build/release/CMakeFiles/CMakeTmp“ wird betreten
/usr/bin/make -f CMakeFiles/cmTC_bf2db.dir/build.make CMakeFiles/cmTC_bf2db.dir/build
make[2]: Verzeichnis „/home/user/ecoin/build/release/CMakeFiles/CMakeTmp“ wird betreten
Building C object CMakeFiles/cmTC_bf2db.dir/CheckFunctionExists.c.o
/usr/bin/cc    -std=c11  -Wall -Wextra -Wpointer-arith -Wundef -Wvla -Wwrite-strings -Werror -Wno-error=extra -Wno-error=unused-function -Wno-error=deprecated-declarations -Wno-error=sign-compare -Wno-error=strict-aliasing -Wno-error=type-limits -Wno-unused-parameter -Wno-error=unused-variable -Wno-error=undef -Wno-error=uninitialized -Wno-error=unused-result -Wlogical-op -Wno-error=maybe-uninitialized -Wno-error=clobbered -Wno-error=unused-but-set-variable -Wno-error=odr -Waggregate-return -Wnested-externs -Wold-style-definition -Wstrict-prototypes -march=native -maes -DCHECK_FUNCTION_EXISTS=pthread_create   -o CMakeFiles/cmTC_bf2db.dir/CheckFunctionExists.c.o   -c /usr/share/cmake-3.5/Modules/CheckFunctionExists.c
/usr/share/cmake-3.5/Modules/CheckFunctionExists.c:6:1: error: function declaration isn’t a prototype [-Werror=strict-prototypes]
 char CHECK_FUNCTION_EXISTS();
 ^
cc1: all warnings being treated as errors
CMakeFiles/cmTC_bf2db.dir/build.make:65: die Regel für Ziel „CMakeFiles/cmTC_bf2db.dir/CheckFunctionExists.c.o“ scheiterte
make[2]: *** [CMakeFiles/cmTC_bf2db.dir/CheckFunctionExists.c.o] Fehler 1
make[2]: Verzeichnis „/home/user/ecoin/build/release/CMakeFiles/CMakeTmp“ wird verlassen
Makefile:126: die Regel für Ziel „cmTC_bf2db/fast“ scheiterte
make[1]: *** [cmTC_bf2db/fast] Fehler 2
make[1]: Verzeichnis „/home/user/ecoin/build/release/CMakeFiles/CMakeTmp“ wird verlassen


